[debug] [2025-11-06T04:39:05.777Z] ----------------------------------------------------------------------
[debug] [2025-11-06T04:39:05.779Z] Command:       C:\Program Files\nodejs\node.exe C:\Users\afzal\AppData\Roaming\npm\node_modules\firebase-tools\lib\bin\firebase.js emulators:start
[debug] [2025-11-06T04:39:05.779Z] CLI Version:   14.24.0
[debug] [2025-11-06T04:39:05.779Z] Platform:      win32
[debug] [2025-11-06T04:39:05.779Z] Node Version:  v24.11.0
[debug] [2025-11-06T04:39:05.779Z] Time:          Wed Nov 05 2025 21:39:05 GMT-0700 (Mountain Standard Time)
[debug] [2025-11-06T04:39:05.779Z] ----------------------------------------------------------------------
[debug] 
[debug] [2025-11-06T04:39:05.897Z] > command requires scopes: ["email","openid","https://www.googleapis.com/auth/cloudplatformprojects.readonly","https://www.googleapis.com/auth/firebase","https://www.googleapis.com/auth/cloud-platform"]
[debug] [2025-11-06T04:39:05.898Z] > authorizing via signed-in user (mahd1@ualberta.ca)
[debug] [2025-11-06T04:39:05.939Z] openjdk version "25.0.1" 2025-10-21 LTS

[debug] [2025-11-06T04:39:05.939Z] OpenJDK Runtime Environment Temurin-25.0.1+8 (build 25.0.1+8-LTS)
OpenJDK 64-Bit Server VM Temurin-25.0.1+8 (build 25.0.1+8-LTS, mixed mode, sharing)

[debug] [2025-11-06T04:39:05.946Z] Parsed Java major version: 25
[info] i  emulators: Starting emulators: auth, firestore {"metadata":{"emulator":{"name":"hub"},"message":"Starting emulators: auth, firestore"}}
[debug] [2025-11-06T04:39:05.960Z] [logging] Logging Emulator only supports listening on one address (127.0.0.1). Not listening on ::1
[debug] [2025-11-06T04:39:05.960Z] [auth] Authentication Emulator only supports listening on one address (127.0.0.1). Not listening on ::1
[debug] [2025-11-06T04:39:05.960Z] [firestore] Firestore Emulator only supports listening on one address (127.0.0.1). Not listening on ::1
[debug] [2025-11-06T04:39:05.960Z] [firestore.websocket] websocket server for firestore only supports listening on one address (127.0.0.1). Not listening on ::1
[debug] [2025-11-06T04:39:05.960Z] assigned listening specs for emulators {"user":{"hub":[{"address":"127.0.0.1","family":"IPv4","port":4400},{"address":"::1","family":"IPv6","port":4400}],"ui":[{"address":"127.0.0.1","family":"IPv4","port":4000},{"address":"::1","family":"IPv6","port":4000}],"logging":[{"address":"127.0.0.1","family":"IPv4","port":4500}],"auth":[{"address":"127.0.0.1","family":"IPv4","port":9099}],"firestore":[{"address":"127.0.0.1","family":"IPv4","port":8080}],"firestore.websocket":[{"address":"127.0.0.1","family":"IPv4","port":9150}]},"metadata":{"message":"assigned listening specs for emulators"}}
[debug] [2025-11-06T04:39:05.962Z] Emulator locator file path: C:\Users\afzal\AppData\Local\Temp\hub-dangle-lotto-dd0b9.json
[debug] [2025-11-06T04:39:05.963Z] [hub] writing locator at C:\Users\afzal\AppData\Local\Temp\hub-dangle-lotto-dd0b9.json
[warn] !  firestore: Cloud Firestore Emulator does not support multiple databases yet. {"metadata":{"emulator":{"name":"firestore"},"message":"Cloud Firestore Emulator does not support multiple databases yet."}}
[warn] !  firestore: Did not find a Cloud Firestore rules file specified in a firebase.json config file. {"metadata":{"emulator":{"name":"firestore"},"message":"Did not find a Cloud Firestore rules file specified in a firebase.json config file."}}
[warn] !  firestore: The emulator will default to allowing all reads and writes. Learn more about this option: https://firebase.google.com/docs/emulator-suite/install_and_configure#security_rules_configuration. {"metadata":{"emulator":{"name":"firestore"},"message":"The emulator will default to allowing all reads and writes. Learn more about this option: https://firebase.google.com/docs/emulator-suite/install_and_configure#security_rules_configuration."}}
[debug] [2025-11-06T04:39:05.968Z] Ignoring unsupported arg: auto_download {"metadata":{"emulator":{"name":"firestore"},"message":"Ignoring unsupported arg: auto_download"}}
[debug] [2025-11-06T04:39:05.968Z] Ignoring unsupported arg: single_project_mode_error {"metadata":{"emulator":{"name":"firestore"},"message":"Ignoring unsupported arg: single_project_mode_error"}}
[debug] [2025-11-06T04:39:05.968Z] Starting Firestore Emulator with command {"binary":"java","args":["-Dgoogle.cloud_firestore.debug_log_level=FINE","-Duser.language=en","-jar","C:\\Users\\afzal\\.cache\\firebase\\emulators\\cloud-firestore-emulator-v1.19.8.jar","--host","127.0.0.1","--port",8080,"--websocket_port",9150,"--project_id","dangle-lotto-dd0b9","--single_project_mode",true],"optionalArgs":["port","webchannel_port","host","rules","websocket_port","functions_emulator","seed_from_export","project_id","single_project_mode"],"joinArgs":false,"shell":false,"port":8080} {"metadata":{"emulator":{"name":"firestore"},"message":"Starting Firestore Emulator with command {\"binary\":\"java\",\"args\":[\"-Dgoogle.cloud_firestore.debug_log_level=FINE\",\"-Duser.language=en\",\"-jar\",\"C:\\\\Users\\\\afzal\\\\.cache\\\\firebase\\\\emulators\\\\cloud-firestore-emulator-v1.19.8.jar\",\"--host\",\"127.0.0.1\",\"--port\",8080,\"--websocket_port\",9150,\"--project_id\",\"dangle-lotto-dd0b9\",\"--single_project_mode\",true],\"optionalArgs\":[\"port\",\"webchannel_port\",\"host\",\"rules\",\"websocket_port\",\"functions_emulator\",\"seed_from_export\",\"project_id\",\"single_project_mode\"],\"joinArgs\":false,\"shell\":false,\"port\":8080}"}}
[info] i  firestore: Firestore Emulator logging to firestore-debug.log {"metadata":{"emulator":{"name":"firestore"},"message":"Firestore Emulator logging to \u001b[1mfirestore-debug.log\u001b[22m"}}
[debug] [2025-11-06T04:39:06.303Z] WARNING: A terminally deprecated method in sun.misc.Unsafe has been called
WARNING: sun.misc.Unsafe::objectFieldOffset has been called by io.netty.util.internal.PlatformDependent0$4 (file:/C:/Users/afzal/.cache/firebase/emulators/cloud-firestore-emulator-v1.19.8.jar)
WARNING: Please consider reporting this to the maintainers of class io.netty.util.internal.PlatformDependent0$4
WARNING: sun.misc.Unsafe::objectFieldOffset will be removed in a future release
 {"metadata":{"emulator":{"name":"firestore"},"message":"WARNING: A terminally deprecated method in sun.misc.Unsafe has been called\nWARNING: sun.misc.Unsafe::objectFieldOffset has been called by io.netty.util.internal.PlatformDependent0$4 (file:/C:/Users/afzal/.cache/firebase/emulators/cloud-firestore-emulator-v1.19.8.jar)\nWARNING: Please consider reporting this to the maintainers of class io.netty.util.internal.PlatformDependent0$4\nWARNING: sun.misc.Unsafe::objectFieldOffset will be removed in a future release\r\n"}}
[debug] [2025-11-06T04:39:06.913Z] Nov 05, 2025 9:39:06 PM com.google.cloud.datastore.emulator.firestore.websocket.WebSocketServer start
INFO: Started WebSocket server on ws://127.0.0.1:9150
 {"metadata":{"emulator":{"name":"firestore"},"message":"Nov 05, 2025 9:39:06 PM com.google.cloud.datastore.emulator.firestore.websocket.WebSocketServer start\r\nINFO: Started WebSocket server on ws://127.0.0.1:9150\r\n"}}
[debug] [2025-11-06T04:39:06.956Z] API endpoint: http:// {"metadata":{"emulator":{"name":"firestore"},"message":"API endpoint: http://"}}
[debug] [2025-11-06T04:39:06.956Z] 127.0.0.1:8080
If you are using a library that supports the FIRESTORE_EMULATOR_HOST environment variable, run:

   export FIRESTORE_EMULATOR_HOST=127.0.0.1:8080

If you are running a Firestore in Datastore Mode project, run:

   export DATASTORE_EMULATOR_HOST=127.0.0.1:8080

Note: Support for Datastore Mode is in preview. If you encounter any bugs please file at https://github.com/firebase/firebase-tools/issues.
Dev App Server is now running.

 {"metadata":{"emulator":{"name":"firestore"},"message":"127.0.0.1:8080\nIf you are using a library that supports the FIRESTORE_EMULATOR_HOST environment variable, run:\r\n\n   export FIRESTORE_EMULATOR_HOST=127.0.0.1:8080\n\nIf you are running a Firestore in Datastore Mode project, run:\r\n\n   export DATASTORE_EMULATOR_HOST=127.0.0.1:8080\n\nNote: Support for Datastore Mode is in preview. If you encounter any bugs please file at https://github.com/firebase/firebase-tools/issues.\r\nDev App Server is now running.\n\r\n"}}
[info] +  firestore: Firestore Emulator UI websocket is running on 9150. {"metadata":{"emulator":{"name":"firestore"},"message":"Firestore Emulator UI websocket is running on 9150."}}
[info] i  ui: downloading ui-v1.15.0.zip... {"metadata":{"emulator":{"name":"ui"},"message":"downloading ui-v1.15.0.zip..."}}
[debug] [2025-11-06T04:39:10.952Z] >>> [apiv2][query] GET https://storage.googleapis.com/firebase-preview-drop/emulator/ui-v1.15.0.zip 
[debug] [2025-11-06T04:39:11.141Z] <<< [apiv2][status] GET https://storage.googleapis.com/firebase-preview-drop/emulator/ui-v1.15.0.zip 200
[debug] [2025-11-06T04:39:11.141Z] <<< [apiv2][body] GET https://storage.googleapis.com/firebase-preview-drop/emulator/ui-v1.15.0.zip [stream]
[debug] [2025-11-06T04:39:11.541Z] Data is 3538469
[debug] [2025-11-06T04:39:11.541Z] [unzip] Entry: client/ (compressed_size=0 bytes, uncompressed_size=0 bytes)
[debug] [2025-11-06T04:39:11.541Z] [unzip] Processing entry: client\
[debug] [2025-11-06T04:39:11.541Z] [unzip] mkdir: C:\Users\afzal\.cache\firebase\emulators\ui-v1.15.0\client\
[debug] [2025-11-06T04:39:11.542Z] [unzip] Entry: client/favicon-16x16.png (compressed_size=293 bytes, uncompressed_size=293 bytes)
[debug] [2025-11-06T04:39:11.542Z] [unzip] Processing entry: client\favicon-16x16.png
[debug] [2025-11-06T04:39:11.542Z] [unzip] else mkdir: C:\Users\afzal\.cache\firebase\emulators\ui-v1.15.0\client
[debug] [2025-11-06T04:39:11.542Z] [unzip] Writing file: C:\Users\afzal\.cache\firebase\emulators\ui-v1.15.0\client\favicon-16x16.png
[debug] [2025-11-06T04:39:11.543Z] [unzip] Entry: client/safari-pinned-tab.svg (compressed_size=1433 bytes, uncompressed_size=2611 bytes)
[debug] [2025-11-06T04:39:11.543Z] [unzip] Processing entry: client\safari-pinned-tab.svg
[debug] [2025-11-06T04:39:11.543Z] [unzip] else mkdir: C:\Users\afzal\.cache\firebase\emulators\ui-v1.15.0\client
[debug] [2025-11-06T04:39:11.543Z] [unzip] deflating: C:\Users\afzal\.cache\firebase\emulators\ui-v1.15.0\client\safari-pinned-tab.svg
[debug] [2025-11-06T04:39:11.546Z] [unzip] Entry: client/favicon.ico (compressed_size=2933 bytes, uncompressed_size=13294 bytes)
[debug] [2025-11-06T04:39:11.546Z] [unzip] Processing entry: client\favicon.ico
[debug] [2025-11-06T04:39:11.546Z] [unzip] else mkdir: C:\Users\afzal\.cache\firebase\emulators\ui-v1.15.0\client
[debug] [2025-11-06T04:39:11.546Z] [unzip] deflating: C:\Users\afzal\.cache\firebase\emulators\ui-v1.15.0\client\favicon.ico
[debug] [2025-11-06T04:39:11.547Z] [unzip] Entry: client/index.html (compressed_size=1364 bytes, uncompressed_size=3071 bytes)
[debug] [2025-11-06T04:39:11.547Z] [unzip] Processing entry: client\index.html
[debug] [2025-11-06T04:39:11.547Z] [unzip] else mkdir: C:\Users\afzal\.cache\firebase\emulators\ui-v1.15.0\client
[debug] [2025-11-06T04:39:11.547Z] [unzip] deflating: C:\Users\afzal\.cache\firebase\emulators\ui-v1.15.0\client\index.html
[debug] [2025-11-06T04:39:11.548Z] [unzip] Entry: client/android-chrome-192x192.png (compressed_size=2684 bytes, uncompressed_size=2684 bytes)
[debug] [2025-11-06T04:39:11.548Z] [unzip] Processing entry: client\android-chrome-192x192.png
[debug] [2025-11-06T04:39:11.548Z] [unzip] else mkdir: C:\Users\afzal\.cache\firebase\emulators\ui-v1.15.0\client
[debug] [2025-11-06T04:39:11.548Z] [unzip] Writing file: C:\Users\afzal\.cache\firebase\emulators\ui-v1.15.0\client\android-chrome-192x192.png
[debug] [2025-11-06T04:39:11.549Z] [unzip] Entry: client/apple-touch-icon.png (compressed_size=2123 bytes, uncompressed_size=2152 bytes)
[debug] [2025-11-06T04:39:11.549Z] [unzip] Processing entry: client\apple-touch-icon.png
[debug] [2025-11-06T04:39:11.549Z] [unzip] else mkdir: C:\Users\afzal\.cache\firebase\emulators\ui-v1.15.0\client
[debug] [2025-11-06T04:39:11.549Z] [unzip] deflating: C:\Users\afzal\.cache\firebase\emulators\ui-v1.15.0\client\apple-touch-icon.png
[debug] [2025-11-06T04:39:11.550Z] [unzip] Entry: client/android-chrome-512x512.png (compressed_size=5369 bytes, uncompressed_size=5411 bytes)
[debug] [2025-11-06T04:39:11.550Z] [unzip] Processing entry: client\android-chrome-512x512.png
[debug] [2025-11-06T04:39:11.550Z] [unzip] else mkdir: C:\Users\afzal\.cache\firebase\emulators\ui-v1.15.0\client
[debug] [2025-11-06T04:39:11.550Z] [unzip] deflating: C:\Users\afzal\.cache\firebase\emulators\ui-v1.15.0\client\android-chrome-512x512.png
[debug] [2025-11-06T04:39:11.551Z] [unzip] Entry: client/manifest.json (compressed_size=245 bytes, uncompressed_size=551 bytes)
[debug] [2025-11-06T04:39:11.551Z] [unzip] Processing entry: client\manifest.json
[debug] [2025-11-06T04:39:11.551Z] [unzip] else mkdir: C:\Users\afzal\.cache\firebase\emulators\ui-v1.15.0\client
[debug] [2025-11-06T04:39:11.551Z] [unzip] deflating: C:\Users\afzal\.cache\firebase\emulators\ui-v1.15.0\client\manifest.json
[debug] [2025-11-06T04:39:11.551Z] [unzip] Entry: client/robots.txt (compressed_size=26 bytes, uncompressed_size=26 bytes)
[debug] [2025-11-06T04:39:11.552Z] [unzip] Processing entry: client\robots.txt
[debug] [2025-11-06T04:39:11.552Z] [unzip] else mkdir: C:\Users\afzal\.cache\firebase\emulators\ui-v1.15.0\client
[debug] [2025-11-06T04:39:11.552Z] [unzip] Writing file: C:\Users\afzal\.cache\firebase\emulators\ui-v1.15.0\client\robots.txt
[debug] [2025-11-06T04:39:11.552Z] [unzip] Entry: client/mstile-150x150.png (compressed_size=2034 bytes, uncompressed_size=2034 bytes)
[debug] [2025-11-06T04:39:11.552Z] [unzip] Processing entry: client\mstile-150x150.png
[debug] [2025-11-06T04:39:11.552Z] [unzip] else mkdir: C:\Users\afzal\.cache\firebase\emulators\ui-v1.15.0\client
[debug] [2025-11-06T04:39:11.553Z] [unzip] Writing file: C:\Users\afzal\.cache\firebase\emulators\ui-v1.15.0\client\mstile-150x150.png
[debug] [2025-11-06T04:39:11.553Z] [unzip] Entry: client/assets/ (compressed_size=0 bytes, uncompressed_size=0 bytes)
[debug] [2025-11-06T04:39:11.553Z] [unzip] Processing entry: client\assets\
[debug] [2025-11-06T04:39:11.553Z] [unzip] mkdir: C:\Users\afzal\.cache\firebase\emulators\ui-v1.15.0\client\assets\
[debug] [2025-11-06T04:39:11.553Z] [unzip] Entry: client/assets/index-BX-A56oj.js (compressed_size=582089 bytes, uncompressed_size=2092775 bytes)
[debug] [2025-11-06T04:39:11.554Z] [unzip] Processing entry: client\assets\index-BX-A56oj.js
[debug] [2025-11-06T04:39:11.554Z] [unzip] else mkdir: C:\Users\afzal\.cache\firebase\emulators\ui-v1.15.0\client\assets
[debug] [2025-11-06T04:39:11.554Z] [unzip] deflating: C:\Users\afzal\.cache\firebase\emulators\ui-v1.15.0\client\assets\index-BX-A56oj.js
[debug] [2025-11-06T04:39:11.562Z] [unzip] Entry: client/assets/index-CjB9C900.css (compressed_size=35979 bytes, uncompressed_size=298654 bytes)
[debug] [2025-11-06T04:39:11.562Z] [unzip] Processing entry: client\assets\index-CjB9C900.css
[debug] [2025-11-06T04:39:11.562Z] [unzip] else mkdir: C:\Users\afzal\.cache\firebase\emulators\ui-v1.15.0\client\assets
[debug] [2025-11-06T04:39:11.563Z] [unzip] deflating: C:\Users\afzal\.cache\firebase\emulators\ui-v1.15.0\client\assets\index-CjB9C900.css
[debug] [2025-11-06T04:39:11.564Z] [unzip] Entry: client/assets/index-BX-A56oj.js.map (compressed_size=2362482 bytes, uncompressed_size=10036679 bytes)
[debug] [2025-11-06T04:39:11.564Z] [unzip] Processing entry: client\assets\index-BX-A56oj.js.map
[debug] [2025-11-06T04:39:11.564Z] [unzip] else mkdir: C:\Users\afzal\.cache\firebase\emulators\ui-v1.15.0\client\assets
[debug] [2025-11-06T04:39:11.564Z] [unzip] deflating: C:\Users\afzal\.cache\firebase\emulators\ui-v1.15.0\client\assets\index-BX-A56oj.js.map
[debug] [2025-11-06T04:39:11.609Z] [unzip] Entry: client/assets/extensions/ (compressed_size=0 bytes, uncompressed_size=0 bytes)
[debug] [2025-11-06T04:39:11.609Z] [unzip] Processing entry: client\assets\extensions\
[debug] [2025-11-06T04:39:11.610Z] [unzip] mkdir: C:\Users\afzal\.cache\firebase\emulators\ui-v1.15.0\client\assets\extensions\
[debug] [2025-11-06T04:39:11.610Z] [unzip] Entry: client/assets/extensions/default-extension.png (compressed_size=1646 bytes, uncompressed_size=1657 bytes)
[debug] [2025-11-06T04:39:11.610Z] [unzip] Processing entry: client\assets\extensions\default-extension.png
[debug] [2025-11-06T04:39:11.610Z] [unzip] else mkdir: C:\Users\afzal\.cache\firebase\emulators\ui-v1.15.0\client\assets\extensions
[debug] [2025-11-06T04:39:11.610Z] [unzip] deflating: C:\Users\afzal\.cache\firebase\emulators\ui-v1.15.0\client\assets\extensions\default-extension.png
[debug] [2025-11-06T04:39:11.611Z] [unzip] Entry: client/assets/img/ (compressed_size=0 bytes, uncompressed_size=0 bytes)
[debug] [2025-11-06T04:39:11.611Z] [unzip] Processing entry: client\assets\img\
[debug] [2025-11-06T04:39:11.611Z] [unzip] mkdir: C:\Users\afzal\.cache\firebase\emulators\ui-v1.15.0\client\assets\img\
[debug] [2025-11-06T04:39:11.611Z] [unzip] Entry: client/assets/img/database.png (compressed_size=29449 bytes, uncompressed_size=29988 bytes)
[debug] [2025-11-06T04:39:11.611Z] [unzip] Processing entry: client\assets\img\database.png
[debug] [2025-11-06T04:39:11.611Z] [unzip] else mkdir: C:\Users\afzal\.cache\firebase\emulators\ui-v1.15.0\client\assets\img
[debug] [2025-11-06T04:39:11.612Z] [unzip] deflating: C:\Users\afzal\.cache\firebase\emulators\ui-v1.15.0\client\assets\img\database.png
[debug] [2025-11-06T04:39:11.612Z] [unzip] Entry: client/assets/provider-icons/ (compressed_size=0 bytes, uncompressed_size=0 bytes)
[debug] [2025-11-06T04:39:11.612Z] [unzip] Processing entry: client\assets\provider-icons\
[debug] [2025-11-06T04:39:11.612Z] [unzip] mkdir: C:\Users\afzal\.cache\firebase\emulators\ui-v1.15.0\client\assets\provider-icons\
[debug] [2025-11-06T04:39:11.613Z] [unzip] Entry: client/assets/provider-icons/auth_service_saml.svg (compressed_size=575 bytes, uncompressed_size=1226 bytes)
[debug] [2025-11-06T04:39:11.613Z] [unzip] Processing entry: client\assets\provider-icons\auth_service_saml.svg
[debug] [2025-11-06T04:39:11.613Z] [unzip] else mkdir: C:\Users\afzal\.cache\firebase\emulators\ui-v1.15.0\client\assets\provider-icons
[debug] [2025-11-06T04:39:11.613Z] [unzip] deflating: C:\Users\afzal\.cache\firebase\emulators\ui-v1.15.0\client\assets\provider-icons\auth_service_saml.svg
[debug] [2025-11-06T04:39:11.613Z] [unzip] Entry: client/assets/provider-icons/auth_service_phone.svg (compressed_size=261 bytes, uncompressed_size=414 bytes)
[debug] [2025-11-06T04:39:11.613Z] [unzip] Processing entry: client\assets\provider-icons\auth_service_phone.svg
[debug] [2025-11-06T04:39:11.614Z] [unzip] else mkdir: C:\Users\afzal\.cache\firebase\emulators\ui-v1.15.0\client\assets\provider-icons
[debug] [2025-11-06T04:39:11.614Z] [unzip] deflating: C:\Users\afzal\.cache\firebase\emulators\ui-v1.15.0\client\assets\provider-icons\auth_service_phone.svg
[debug] [2025-11-06T04:39:11.614Z] [unzip] Entry: client/assets/provider-icons/auth_service_facebook.svg (compressed_size=289 bytes, uncompressed_size=457 bytes)
[debug] [2025-11-06T04:39:11.614Z] [unzip] Processing entry: client\assets\provider-icons\auth_service_facebook.svg
[debug] [2025-11-06T04:39:11.614Z] [unzip] else mkdir: C:\Users\afzal\.cache\firebase\emulators\ui-v1.15.0\client\assets\provider-icons
[debug] [2025-11-06T04:39:11.614Z] [unzip] deflating: C:\Users\afzal\.cache\firebase\emulators\ui-v1.15.0\client\assets\provider-icons\auth_service_facebook.svg
[debug] [2025-11-06T04:39:11.615Z] [unzip] Entry: client/assets/provider-icons/auth_service_game_center.svg (compressed_size=991 bytes, uncompressed_size=3921 bytes)
[debug] [2025-11-06T04:39:11.615Z] [unzip] Processing entry: client\assets\provider-icons\auth_service_game_center.svg
[debug] [2025-11-06T04:39:11.615Z] [unzip] else mkdir: C:\Users\afzal\.cache\firebase\emulators\ui-v1.15.0\client\assets\provider-icons
[debug] [2025-11-06T04:39:11.616Z] [unzip] deflating: C:\Users\afzal\.cache\firebase\emulators\ui-v1.15.0\client\assets\provider-icons\auth_service_game_center.svg
[debug] [2025-11-06T04:39:11.616Z] [unzip] Entry: client/assets/provider-icons/auth_service_apple.svg (compressed_size=230 bytes, uncompressed_size=334 bytes)
[debug] [2025-11-06T04:39:11.616Z] [unzip] Processing entry: client\assets\provider-icons\auth_service_apple.svg
[debug] [2025-11-06T04:39:11.616Z] [unzip] else mkdir: C:\Users\afzal\.cache\firebase\emulators\ui-v1.15.0\client\assets\provider-icons
[debug] [2025-11-06T04:39:11.616Z] [unzip] deflating: C:\Users\afzal\.cache\firebase\emulators\ui-v1.15.0\client\assets\provider-icons\auth_service_apple.svg
[debug] [2025-11-06T04:39:11.617Z] [unzip] Entry: client/assets/provider-icons/auth_service_github.svg (compressed_size=466 bytes, uncompressed_size=838 bytes)
[debug] [2025-11-06T04:39:11.617Z] [unzip] Processing entry: client\assets\provider-icons\auth_service_github.svg
[debug] [2025-11-06T04:39:11.617Z] [unzip] else mkdir: C:\Users\afzal\.cache\firebase\emulators\ui-v1.15.0\client\assets\provider-icons
[debug] [2025-11-06T04:39:11.617Z] [unzip] deflating: C:\Users\afzal\.cache\firebase\emulators\ui-v1.15.0\client\assets\provider-icons\auth_service_github.svg
[debug] [2025-11-06T04:39:11.618Z] [unzip] Entry: client/assets/provider-icons/auth_service_mslive.svg (compressed_size=203 bytes, uncompressed_size=378 bytes)
[debug] [2025-11-06T04:39:11.618Z] [unzip] Processing entry: client\assets\provider-icons\auth_service_mslive.svg
[debug] [2025-11-06T04:39:11.618Z] [unzip] else mkdir: C:\Users\afzal\.cache\firebase\emulators\ui-v1.15.0\client\assets\provider-icons
[debug] [2025-11-06T04:39:11.618Z] [unzip] deflating: C:\Users\afzal\.cache\firebase\emulators\ui-v1.15.0\client\assets\provider-icons\auth_service_mslive.svg
[debug] [2025-11-06T04:39:11.619Z] [unzip] Entry: client/assets/provider-icons/auth_service_yahoo.svg (compressed_size=577 bytes, uncompressed_size=1182 bytes)
[debug] [2025-11-06T04:39:11.619Z] [unzip] Processing entry: client\assets\provider-icons\auth_service_yahoo.svg
[debug] [2025-11-06T04:39:11.619Z] [unzip] else mkdir: C:\Users\afzal\.cache\firebase\emulators\ui-v1.15.0\client\assets\provider-icons
[debug] [2025-11-06T04:39:11.619Z] [unzip] deflating: C:\Users\afzal\.cache\firebase\emulators\ui-v1.15.0\client\assets\provider-icons\auth_service_yahoo.svg
[debug] [2025-11-06T04:39:11.619Z] [unzip] Entry: client/assets/provider-icons/auth_service_twitter.svg (compressed_size=444 bytes, uncompressed_size=751 bytes)
[debug] [2025-11-06T04:39:11.620Z] [unzip] Processing entry: client\assets\provider-icons\auth_service_twitter.svg
[debug] [2025-11-06T04:39:11.620Z] [unzip] else mkdir: C:\Users\afzal\.cache\firebase\emulators\ui-v1.15.0\client\assets\provider-icons
[debug] [2025-11-06T04:39:11.620Z] [unzip] deflating: C:\Users\afzal\.cache\firebase\emulators\ui-v1.15.0\client\assets\provider-icons\auth_service_twitter.svg
[debug] [2025-11-06T04:39:11.620Z] [unzip] Entry: client/assets/provider-icons/auth_service_play_games.svg (compressed_size=565 bytes, uncompressed_size=1173 bytes)
[debug] [2025-11-06T04:39:11.620Z] [unzip] Processing entry: client\assets\provider-icons\auth_service_play_games.svg
[debug] [2025-11-06T04:39:11.620Z] [unzip] else mkdir: C:\Users\afzal\.cache\firebase\emulators\ui-v1.15.0\client\assets\provider-icons
[debug] [2025-11-06T04:39:11.621Z] [unzip] deflating: C:\Users\afzal\.cache\firebase\emulators\ui-v1.15.0\client\assets\provider-icons\auth_service_play_games.svg
[debug] [2025-11-06T04:39:11.621Z] [unzip] Entry: client/assets/provider-icons/auth_service_email.svg (compressed_size=228 bytes, uncompressed_size=326 bytes)
[debug] [2025-11-06T04:39:11.621Z] [unzip] Processing entry: client\assets\provider-icons\auth_service_email.svg
[debug] [2025-11-06T04:39:11.621Z] [unzip] else mkdir: C:\Users\afzal\.cache\firebase\emulators\ui-v1.15.0\client\assets\provider-icons
[debug] [2025-11-06T04:39:11.621Z] [unzip] deflating: C:\Users\afzal\.cache\firebase\emulators\ui-v1.15.0\client\assets\provider-icons\auth_service_email.svg
[debug] [2025-11-06T04:39:11.622Z] [unzip] Entry: client/assets/provider-icons/auth_service_google.svg (compressed_size=409 bytes, uncompressed_size=720 bytes)
[debug] [2025-11-06T04:39:11.622Z] [unzip] Processing entry: client\assets\provider-icons\auth_service_google.svg
[debug] [2025-11-06T04:39:11.622Z] [unzip] else mkdir: C:\Users\afzal\.cache\firebase\emulators\ui-v1.15.0\client\assets\provider-icons
[debug] [2025-11-06T04:39:11.622Z] [unzip] deflating: C:\Users\afzal\.cache\firebase\emulators\ui-v1.15.0\client\assets\provider-icons\auth_service_google.svg
[debug] [2025-11-06T04:39:11.623Z] [unzip] Entry: client/assets/provider-icons/auth_service_oidc.svg (compressed_size=414 bytes, uncompressed_size=858 bytes)
[debug] [2025-11-06T04:39:11.623Z] [unzip] Processing entry: client\assets\provider-icons\auth_service_oidc.svg
[debug] [2025-11-06T04:39:11.623Z] [unzip] else mkdir: C:\Users\afzal\.cache\firebase\emulators\ui-v1.15.0\client\assets\provider-icons
[debug] [2025-11-06T04:39:11.623Z] [unzip] deflating: C:\Users\afzal\.cache\firebase\emulators\ui-v1.15.0\client\assets\provider-icons\auth_service_oidc.svg
[debug] [2025-11-06T04:39:11.624Z] [unzip] Entry: client/browserconfig.xml (compressed_size=491 bytes, uncompressed_size=822 bytes)
[debug] [2025-11-06T04:39:11.624Z] [unzip] Processing entry: client\browserconfig.xml
[debug] [2025-11-06T04:39:11.624Z] [unzip] else mkdir: C:\Users\afzal\.cache\firebase\emulators\ui-v1.15.0\client
[debug] [2025-11-06T04:39:11.624Z] [unzip] deflating: C:\Users\afzal\.cache\firebase\emulators\ui-v1.15.0\client\browserconfig.xml
[debug] [2025-11-06T04:39:11.624Z] [unzip] Entry: client/favicon-32x32.png (compressed_size=475 bytes, uncompressed_size=475 bytes)
[debug] [2025-11-06T04:39:11.624Z] [unzip] Processing entry: client\favicon-32x32.png
[debug] [2025-11-06T04:39:11.624Z] [unzip] else mkdir: C:\Users\afzal\.cache\firebase\emulators\ui-v1.15.0\client
[debug] [2025-11-06T04:39:11.624Z] [unzip] Writing file: C:\Users\afzal\.cache\firebase\emulators\ui-v1.15.0\client\favicon-32x32.png
[debug] [2025-11-06T04:39:11.625Z] [unzip] Entry: server/ (compressed_size=0 bytes, uncompressed_size=0 bytes)
[debug] [2025-11-06T04:39:11.625Z] [unzip] Processing entry: server\
[debug] [2025-11-06T04:39:11.625Z] [unzip] mkdir: C:\Users\afzal\.cache\firebase\emulators\ui-v1.15.0\server\
[debug] [2025-11-06T04:39:11.625Z] [unzip] Entry: server/server.mjs.map (compressed_size=217845 bytes, uncompressed_size=944978 bytes)
[debug] [2025-11-06T04:39:11.625Z] [unzip] Processing entry: server\server.mjs.map
[debug] [2025-11-06T04:39:11.625Z] [unzip] else mkdir: C:\Users\afzal\.cache\firebase\emulators\ui-v1.15.0\server
[debug] [2025-11-06T04:39:11.626Z] [unzip] deflating: C:\Users\afzal\.cache\firebase\emulators\ui-v1.15.0\server\server.mjs.map
[debug] [2025-11-06T04:39:11.629Z] [unzip] Entry: server/server.mjs (compressed_size=276407 bytes, uncompressed_size=933701 bytes)
[debug] [2025-11-06T04:39:11.629Z] [unzip] Processing entry: server\server.mjs
[debug] [2025-11-06T04:39:11.629Z] [unzip] else mkdir: C:\Users\afzal\.cache\firebase\emulators\ui-v1.15.0\server
[debug] [2025-11-06T04:39:11.629Z] [unzip] deflating: C:\Users\afzal\.cache\firebase\emulators\ui-v1.15.0\server\server.mjs
[debug] [2025-11-06T04:39:11.637Z] Could not find VSCode notification endpoint: FetchError: request to http://localhost:40001/vscode/notify failed, reason: . If you are not running the Firebase Data Connect VSCode extension, this is expected and not an issue.
[info] 
┌─────────────────────────────────────────────────────────────┐
│ ✔  All emulators ready! It is now safe to connect your app. │
│ i  View Emulator UI at http://127.0.0.1:4000/               │
└─────────────────────────────────────────────────────────────┘

┌────────────────┬────────────────┬─────────────────────────────────┐
│ Emulator       │ Host:Port      │ View in Emulator UI             │
├────────────────┼────────────────┼─────────────────────────────────┤
│ Authentication │ 127.0.0.1:9099 │ http://127.0.0.1:4000/auth      │
├────────────────┼────────────────┼─────────────────────────────────┤
│ Firestore      │ 127.0.0.1:8080 │ http://127.0.0.1:4000/firestore │
└────────────────┴────────────────┴─────────────────────────────────┘
  Emulator Hub host: 127.0.0.1 port: 4400
  Other reserved ports: 4500, 9150

Issues? Report them at https://github.com/firebase/firebase-tools/issues and attach the *-debug.log files.
 
[debug] [2025-11-06T04:39:19.364Z] Nov 05, 2025 9:39:19 PM com.google.cloud.datastore.emulator.firestore.websocket.WebSocketChannelHandler initChannel
INFO: Connected to new websocket client
 {"metadata":{"emulator":{"name":"firestore"},"message":"Nov 05, 2025 9:39:19 PM com.google.cloud.datastore.emulator.firestore.websocket.WebSocketChannelHandler initChannel\r\nINFO: Connected to new websocket client\r\n"}}
[debug] [2025-11-06T04:39:19.383Z] Nov 05, 2025 9:39:19 PM io.gapi.emulators.netty.HttpVersionRoutingHandler channelRead
INFO: Detected non-HTTP/2 connection.
 {"metadata":{"emulator":{"name":"firestore"},"message":"Nov 05, 2025 9:39:19 PM io.gapi.emulators.netty.HttpVersionRoutingHandler channelRead\r\nINFO: Detected non-HTTP/2 connection.\r\n"}}
[debug] [2025-11-06T04:39:19.489Z] Nov 05, 2025 9:39:19 PM io.gapi.emulators.netty.HttpVersionRoutingHandler channelRead
INFO: Detected HTTP/2 connection.
 {"metadata":{"emulator":{"name":"firestore"},"message":"Nov 05, 2025 9:39:19 PM io.gapi.emulators.netty.HttpVersionRoutingHandler channelRead\r\nINFO: Detected HTTP/2 connection.\r\n"}}
