[debug] [2025-11-19T06:30:25.188Z] ----------------------------------------------------------------------
[debug] [2025-11-19T06:30:25.189Z] Command:       C:\Program Files\nodejs\node.exe C:\Users\afzal\AppData\Roaming\npm\node_modules\firebase-tools\lib\bin\firebase.js init
[debug] [2025-11-19T06:30:25.190Z] CLI Version:   14.25.1
[debug] [2025-11-19T06:30:25.190Z] Platform:      win32
[debug] [2025-11-19T06:30:25.190Z] Node Version:  v24.11.0
[debug] [2025-11-19T06:30:25.190Z] Time:          Tue Nov 18 2025 23:30:25 GMT-0700 (Mountain Standard Time)
[debug] [2025-11-19T06:30:25.190Z] ----------------------------------------------------------------------
[debug] 
[info] 
     ######## #### ########  ######## ########     ###     ######  ########
     ##        ##  ##     ## ##       ##     ##  ##   ##  ##       ##
     ######    ##  ########  ######   ########  #########  ######  ######
     ##        ##  ##    ##  ##       ##     ## ##     ##       ## ##
     ##       #### ##     ## ######## ########  ##     ##  ######  ########

You're about to initialize a Firebase project in this directory:

  C:\Users\afzal\AndroidStudioProjects\danglelotto\code

[debug] [2025-11-19T06:30:30.798Z] ExitPromptError: User force closed the prompt with SIGINT
    at Interface.sigint (C:\Users\afzal\AppData\Roaming\npm\node_modules\firebase-tools\node_modules\@inquirer\core\dist\commonjs\lib\create-prompt.js:101:37)
    at Interface.emit (node:events:508:28)
    at Interface.emit (node:domain:489:12)
    at [_ttyWrite] [as _ttyWrite] (node:internal/readline/interface:1317:18)
    at ReadStream.onkeypress (node:internal/readline/interface:284:20)
    at ReadStream.emit (node:events:520:35)
    at ReadStream.emit (node:domain:489:12)
    at emitKeys (node:internal/readline/utils:371:14)
    at emitKeys.next (<anonymous>)
    at ReadStream.onData (node:internal/readline/emitKeypressEvents:64:36)
[error] 
[error] Error: An unexpected error has occurred.
[debug] [2025-11-22T21:48:50.334Z] ----------------------------------------------------------------------
[debug] [2025-11-22T21:48:50.336Z] Command:       C:\Program Files\nodejs\node.exe C:\Users\afzal\AppData\Roaming\npm\node_modules\firebase-tools\lib\bin\firebase.js init
[debug] [2025-11-22T21:48:50.337Z] CLI Version:   14.25.1
[debug] [2025-11-22T21:48:50.337Z] Platform:      win32
[debug] [2025-11-22T21:48:50.337Z] Node Version:  v24.11.0
[debug] [2025-11-22T21:48:50.337Z] Time:          Sat Nov 22 2025 14:48:50 GMT-0700 (Mountain Standard Time)
[debug] [2025-11-22T21:48:50.337Z] ----------------------------------------------------------------------
[debug] 
[debug] [2025-11-22T21:48:50.339Z] >>> [apiv2][query] GET https://firebase-public.firebaseio.com/cli.json [none]
[info] 
     ######## #### ########  ######## ########     ###     ######  ########
     ##        ##  ##     ## ##       ##     ##  ##   ##  ##       ##
     ######    ##  ########  ######   ########  #########  ######  ######
     ##        ##  ##    ##  ##       ##     ## ##     ##       ## ##
     ##       #### ##     ## ######## ########  ##     ##  ######  ########

You're about to initialize a Firebase project in this directory:

  C:\Users\afzal\AndroidStudioProjects\danglelotto\code

[debug] [2025-11-22T21:48:50.607Z] <<< [apiv2][status] GET https://firebase-public.firebaseio.com/cli.json 200
[debug] [2025-11-22T21:48:50.607Z] <<< [apiv2][body] GET https://firebase-public.firebaseio.com/cli.json {"cloudBuildErrorAfter":1594252800000,"cloudBuildWarnAfter":1590019200000,"defaultNode10After":1594252800000,"minVersion":"3.0.5","node8DeploysDisabledAfter":1613390400000,"node8RuntimeDisabledAfter":1615809600000,"node8WarnAfter":1600128000000}
[info] 
=== Project Setup
[info] 
[info] First, let's associate this project directory with a Firebase project.
[info] You can create multiple project aliases by running firebase use --add, 
[info] 
[debug] [2025-11-22T21:49:37.930Z] > command requires scopes: ["email","openid","https://www.googleapis.com/auth/cloudplatformprojects.readonly","https://www.googleapis.com/auth/firebase","https://www.googleapis.com/auth/cloud-platform"]
[debug] [2025-11-22T21:49:37.930Z] > authorizing via signed-in user (mahd1@ualberta.ca)
[debug] [2025-11-22T21:49:37.930Z] Checked if tokens are valid: false, expires at: 1762406569148
[debug] [2025-11-22T21:49:37.930Z] Checked if tokens are valid: false, expires at: 1762406569148
[debug] [2025-11-22T21:49:37.931Z] > refreshing access token with scopes: []
[debug] [2025-11-22T21:49:37.931Z] >>> [apiv2][query] POST https://www.googleapis.com/oauth2/v3/token [none]
[debug] [2025-11-22T21:49:37.931Z] >>> [apiv2][body] POST https://www.googleapis.com/oauth2/v3/token [omitted]
[debug] [2025-11-22T21:49:38.077Z] <<< [apiv2][status] POST https://www.googleapis.com/oauth2/v3/token 200
[debug] [2025-11-22T21:49:38.077Z] <<< [apiv2][body] POST https://www.googleapis.com/oauth2/v3/token [omitted]
[debug] [2025-11-22T21:49:38.090Z] >>> [apiv2][query] GET https://firebase.googleapis.com/v1beta1/projects/dangle-lotto-dd0b9 [none]
[debug] [2025-11-22T21:49:38.502Z] <<< [apiv2][status] GET https://firebase.googleapis.com/v1beta1/projects/dangle-lotto-dd0b9 200
[debug] [2025-11-22T21:49:38.502Z] <<< [apiv2][body] GET https://firebase.googleapis.com/v1beta1/projects/dangle-lotto-dd0b9 {"projectId":"dangle-lotto-dd0b9","projectNumber":"394294845633","displayName":"dangle-lotto","name":"projects/dangle-lotto-dd0b9","resources":{"hostingSite":"dangle-lotto-dd0b9"},"state":"ACTIVE","etag":"1_69686f66-601d-48fb-87ba-438c3d2db723"}
[info] i  Using project dangle-lotto-dd0b9 (dangle-lotto) . 
[info] 
=== Firestore Setup
[info] i  firestore: ensuring required API firestore.googleapis.com is enabled... 
[debug] [2025-11-22T21:49:38.514Z] Checked if tokens are valid: true, expires at: 1763851777077
[debug] [2025-11-22T21:49:38.514Z] Checked if tokens are valid: true, expires at: 1763851777077
[debug] [2025-11-22T21:49:38.514Z] >>> [apiv2][query] GET https://serviceusage.googleapis.com/v1/projects/dangle-lotto-dd0b9/services/firestore.googleapis.com [none]
[debug] [2025-11-22T21:49:38.514Z] >>> [apiv2][(partial)header] GET https://serviceusage.googleapis.com/v1/projects/dangle-lotto-dd0b9/services/firestore.googleapis.com x-goog-quota-user=projects/dangle-lotto-dd0b9
[debug] [2025-11-22T21:49:39.071Z] <<< [apiv2][status] GET https://serviceusage.googleapis.com/v1/projects/dangle-lotto-dd0b9/services/firestore.googleapis.com 200
[debug] [2025-11-22T21:49:39.071Z] <<< [apiv2][body] GET https://serviceusage.googleapis.com/v1/projects/dangle-lotto-dd0b9/services/firestore.googleapis.com [omitted]
[info] +  firestore: required API firestore.googleapis.com is enabled 
[debug] [2025-11-22T21:49:39.082Z] Checked if tokens are valid: true, expires at: 1763851777077
[debug] [2025-11-22T21:49:39.082Z] Checked if tokens are valid: true, expires at: 1763851777077
[debug] [2025-11-22T21:49:39.082Z] >>> [apiv2][query] GET https://firestore.googleapis.com/v1/projects/dangle-lotto-dd0b9/databases [none]
[debug] [2025-11-22T21:49:39.629Z] <<< [apiv2][status] GET https://firestore.googleapis.com/v1/projects/dangle-lotto-dd0b9/databases 200
[debug] [2025-11-22T21:49:39.629Z] <<< [apiv2][body] GET https://firestore.googleapis.com/v1/projects/dangle-lotto-dd0b9/databases {"databases":[{"name":"projects/dangle-lotto-dd0b9/databases/(default)","uid":"e6bb8591-eaf0-4fc4-a3a8-71aabd80fed5","createTime":"2025-10-26T20:44:28.243882Z","updateTime":"2025-10-26T20:44:28.243882Z","locationId":"nam5","type":"FIRESTORE_NATIVE","concurrencyMode":"PESSIMISTIC","versionRetentionPeriod":"3600s","earliestVersionTime":"2025-11-22T20:49:41.098636Z","appEngineIntegrationMode":"DISABLED","keyPrefix":"s","pointInTimeRecoveryEnablement":"POINT_IN_TIME_RECOVERY_DISABLED","deleteProtectionState":"DELETE_PROTECTION_DISABLED","databaseEdition":"STANDARD","freeTier":true,"realtimeUpdatesMode":"REALTIME_UPDATES_MODE_ENABLED","etag":"IMCmisLehpEDMMaK05C1yJAD"}]}
[info] 
[info] Firestore Security Rules allow you to define how and when to allow
[info] requests. You can keep these rules in your project directory
[info] and publish them with firebase deploy.
[info] 
[debug] [2025-11-22T21:52:45.414Z] ExitPromptError: User force closed the prompt with SIGINT
    at Interface.sigint (C:\Users\afzal\AppData\Roaming\npm\node_modules\firebase-tools\node_modules\@inquirer\core\dist\commonjs\lib\create-prompt.js:101:37)
    at Interface.emit (node:events:508:28)
    at Interface.emit (node:domain:489:12)
    at [_ttyWrite] [as _ttyWrite] (node:internal/readline/interface:1317:18)
    at ReadStream.onkeypress (node:internal/readline/interface:284:20)
    at ReadStream.emit (node:events:520:35)
    at ReadStream.emit (node:domain:489:12)
    at emitKeys (node:internal/readline/utils:371:14)
    at emitKeys.next (<anonymous>)
    at ReadStream.onData (node:internal/readline/emitKeypressEvents:64:36)
[error] 
[error] Error: An unexpected error has occurred.
